<?xml version="1.0" encoding="UTF-8"?>
<!-- Generated by org.testng.reporters.JUnitReportReporter -->
<testsuite name="com.cheggMate.web.AppTest" tests="1" time="0.001" ignored="0" failures="0" timestamp="02 Mar 2017 13:21:26 GMT" skipped="0" hostname="Aliks-MacBook-Pro.local" errors="0">
  <testcase name="GetWizardNoPackages" time="0.001" classname="com.cheggMate.web.AppTest"/>
</testsuite> <!-- com.cheggMate.web.AppTest -->
